<?xml version="1.0" encoding="UTF-8"?>
<!-- Generated by org.testng.reporters.JUnitReportReporter -->
<testsuite hostname="DESKTOP-AKU69JI" failures="0" tests="2" name="com.qualitrix.tests.GetQuoteTest" time="8.339" errors="0" timestamp="2022-11-06T00:10:16 GMT+05:30" skipped="0">
  <testcase classname="com.qualitrix.tests.GetQuoteTest" name="getQuote" time="3.732"/>
  <system-out/>
  <testcase classname="com.qualitrix.tests.GetQuoteTest" name="checkQuoteTitle" time="4.607"/>
  <system-out/>
</testsuite> <!-- com.qualitrix.tests.GetQuoteTest -->
